# JRE version: OpenJDK Runtime Environment Temurin-21.0.9+10 (21.0.9+10) (build 21.0.9+10-LTS)
# Java VM: OpenJDK 64-Bit Server VM Temurin-21.0.9+10 (21.0.9+10-LTS, mixed mode, sharing, tiered, compressed oops, compressed class ptrs, parallel gc, windows-amd64)
GC Precious Log:
 CardTable entry size: 512
 CPUs: 12 total, 12 available
 Memory: 7549M
 Large Page Support: Disabled
 NUMA Support: Disabled
 Compressed Oops: Enabled (32-bit)
 Alignments: Space 512K, Generation 512K, Heap 2M
 Heap Min Capacity: 100M
 Heap Initial Capacity: 100M
 Heap Max Capacity: 2G
 Pre-touch: Disabled
 Parallel Workers: 10
Heap:
 PSYoungGen      total 8704K, used 6360K [0x00000000d5580000, 0x00000000d6280000, 0x0000000100000000)
  eden space 5120K, 56% used [0x00000000d5580000,0x00000000d58562d8,0x00000000d5a80000)
  from space 3584K, 96% used [0x00000000d5b00000,0x00000000d5e60000,0x00000000d5e80000)
  to   space 4096K, 0% used [0x00000000d5e80000,0x00000000d5e80000,0x00000000d6280000)
 ParOldGen       total 640000K, used 638468K [0x0000000080000000, 0x00000000a7100000, 0x00000000d5580000)
  object space 640000K, 99% used [0x0000000080000000,0x00000000a6f813e8,0x00000000a7100000)
 Metaspace       used 65679K, committed 67200K, reserved 1114112K
  class space    used 6879K, committed 7552K, reserved 1048576K
GC Heap History (20 events):
Event: 15088.394 GC heap before
{Heap before GC invocations=529 (full 3):
 PSYoungGen      total 13824K, used 13526K [0x00000000d5580000, 0x00000000d6a00000, 0x0000000100000000)
  eden space 7680K, 100% used [0x00000000d5580000,0x00000000d5d00000,0x00000000d5d00000)
  from space 6144K, 95% used [0x00000000d5e80000,0x00000000d6435800,0x00000000d6480000)
  to   space 5632K, 0% used [0x00000000d6480000,0x00000000d6480000,0x00000000d6a00000)
 ParOldGen       total 574976K, used 574917K [0x0000000080000000, 0x00000000a3180000, 0x00000000d5580000)
  object space 574976K, 99% used [0x0000000080000000,0x00000000a3171750,0x00000000a3180000)
 Metaspace       used 65575K, committed 67136K, reserved 1114112K
  class space    used 6875K, committed 7552K, reserved 1048576K
}
Event: 15088.411 GC heap after
{Heap after GC invocations=529 (full 3):
 PSYoungGen      total 7168K, used 5605K [0x00000000d5580000, 0x00000000d7800000, 0x0000000100000000)
  eden space 1536K, 0% used [0x00000000d5580000,0x00000000d5580000,0x00000000d5700000)
  from space 5632K, 99% used [0x00000000d6480000,0x00000000d69f9640,0x00000000d6a00000)
  to   space 13824K, 0% used [0x00000000d5700000,0x00000000d5700000,0x00000000d6480000)
 ParOldGen       total 582144K, used 581946K [0x0000000080000000, 0x00000000a3880000, 0x00000000d5580000)
  object space 582144K, 99% used [0x0000000080000000,0x00000000a384ea98,0x00000000a3880000)
 Metaspace       used 65575K, committed 67136K, reserved 1114112K
  class space    used 6875K, committed 7552K, reserved 1048576K
}
Event: 15088.423 GC heap before
{Heap before GC invocations=530 (full 3):
 PSYoungGen      total 7168K, used 7141K [0x00000000d5580000, 0x00000000d7800000, 0x0000000100000000)
  eden space 1536K, 100% used [0x00000000d5580000,0x00000000d5700000,0x00000000d5700000)
  from space 5632K, 99% used [0x00000000d6480000,0x00000000d69f9640,0x00000000d6a00000)
  to   space 13824K, 0% used [0x00000000d5700000,0x00000000d5700000,0x00000000d6480000)
 ParOldGen       total 582144K, used 581946K [0x0000000080000000, 0x00000000a3880000, 0x00000000d5580000)
  object space 582144K, 99% used [0x0000000080000000,0x00000000a384ea98,0x00000000a3880000)
 Metaspace       used 65575K, committed 67136K, reserved 1114112K
  class space    used 6875K, committed 7552K, reserved 1048576K
}
Event: 15088.439 GC heap after
{Heap after GC invocations=530 (full 3):
 PSYoungGen      total 3584K, used 1600K [0x00000000d5580000, 0x00000000d6500000, 0x0000000100000000)
  eden space 1536K, 0% used [0x00000000d5580000,0x00000000d5580000,0x00000000d5700000)
  from space 2048K, 78% used [0x00000000d5700000,0x00000000d5890000,0x00000000d5900000)
  to   space 5632K, 0% used [0x00000000d5f80000,0x00000000d5f80000,0x00000000d6500000)
 ParOldGen       total 587776K, used 587616K [0x0000000080000000, 0x00000000a3e00000, 0x00000000d5580000)
  object space 587776K, 99% used [0x0000000080000000,0x00000000a3dd80e8,0x00000000a3e00000)
 Metaspace       used 65575K, committed 67136K, reserved 1114112K
  class space    used 6875K, committed 7552K, reserved 1048576K
}
Event: 15088.453 GC heap before
{Heap before GC invocations=531 (full 3):
 PSYoungGen      total 3584K, used 3136K [0x00000000d5580000, 0x00000000d6500000, 0x0000000100000000)
  eden space 1536K, 100% used [0x00000000d5580000,0x00000000d5700000,0x00000000d5700000)
  from space 2048K, 78% used [0x00000000d5700000,0x00000000d5890000,0x00000000d5900000)
  to   space 5632K, 0% used [0x00000000d5f80000,0x00000000d5f80000,0x00000000d6500000)
 ParOldGen       total 587776K, used 587616K [0x0000000080000000, 0x00000000a3e00000, 0x00000000d5580000)
  object space 587776K, 99% used [0x0000000080000000,0x00000000a3dd80e8,0x00000000a3e00000)
 Metaspace       used 65576K, committed 67136K, reserved 1114112K
  class space    used 6875K, committed 7552K, reserved 1048576K
}
Event: 15088.465 GC heap after
{Heap after GC invocations=531 (full 3):
 PSYoungGen      total 4096K, used 1664K [0x00000000d5580000, 0x00000000d6180000, 0x0000000100000000)
  eden space 2048K, 0% used [0x00000000d5580000,0x00000000d5580000,0x00000000d5780000)
  from space 2048K, 81% used [0x00000000d5f80000,0x00000000d6120000,0x00000000d6180000)
  to   space 2560K, 0% used [0x00000000d5c80000,0x00000000d5c80000,0x00000000d5f00000)
 ParOldGen       total 589312K, used 589144K [0x0000000080000000, 0x00000000a3f80000, 0x00000000d5580000)
  object space 589312K, 99% used [0x0000000080000000,0x00000000a3f560e8,0x00000000a3f80000)
 Metaspace       used 65576K, committed 67136K, reserved 1114112K
  class space    used 6875K, committed 7552K, reserved 1048576K
}
Event: 15088.476 GC heap before
{Heap before GC invocations=532 (full 3):
 PSYoungGen      total 4096K, used 3712K [0x00000000d5580000, 0x00000000d6180000, 0x0000000100000000)
  eden space 2048K, 100% used [0x00000000d5580000,0x00000000d5780000,0x00000000d5780000)
  from space 2048K, 81% used [0x00000000d5f80000,0x00000000d6120000,0x00000000d6180000)
  to   space 2560K, 0% used [0x00000000d5c80000,0x00000000d5c80000,0x00000000d5f00000)
 ParOldGen       total 589312K, used 589144K [0x0000000080000000, 0x00000000a3f80000, 0x00000000d5580000)
  object space 589312K, 99% used [0x0000000080000000,0x00000000a3f560e8,0x00000000a3f80000)
 Metaspace       used 65579K, committed 67136K, reserved 1114112K
  class space    used 6875K, committed 7552K, reserved 1048576K
}
Event: 15088.483 GC heap after
{Heap after GC invocations=532 (full 3):
 PSYoungGen      total 4608K, used 2048K [0x00000000d5580000, 0x00000000d6000000, 0x0000000100000000)
  eden space 2560K, 0% used [0x00000000d5580000,0x00000000d5580000,0x00000000d5800000)
  from space 2048K, 100% used [0x00000000d5c80000,0x00000000d5e80000,0x00000000d5e80000)
  to   space 1536K, 0% used [0x00000000d5e80000,0x00000000d5e80000,0x00000000d6000000)
 ParOldGen       total 590848K, used 590696K [0x0000000080000000, 0x00000000a4100000, 0x00000000d5580000)
  object space 590848K, 99% used [0x0000000080000000,0x00000000a40da0e8,0x00000000a4100000)
 Metaspace       used 65579K, committed 67136K, reserved 1114112K
  class space    used 6875K, committed 7552K, reserved 1048576K
}
Event: 15088.500 GC heap before
{Heap before GC invocations=533 (full 3):
 PSYoungGen      total 4608K, used 4602K [0x00000000d5580000, 0x00000000d6000000, 0x0000000100000000)
  eden space 2560K, 99% used [0x00000000d5580000,0x00000000d57fea20,0x00000000d5800000)
  from space 2048K, 100% used [0x00000000d5c80000,0x00000000d5e80000,0x00000000d5e80000)
  to   space 1536K, 0% used [0x00000000d5e80000,0x00000000d5e80000,0x00000000d6000000)
 ParOldGen       total 590848K, used 590696K [0x0000000080000000, 0x00000000a4100000, 0x00000000d5580000)
  object space 590848K, 99% used [0x0000000080000000,0x00000000a40da0e8,0x00000000a4100000)
 Metaspace       used 65579K, committed 67136K, reserved 1114112K
  class space    used 6875K, committed 7552K, reserved 1048576K
}
Event: 15088.509 GC heap after
{Heap after GC invocations=533 (full 3):
 PSYoungGen      total 4608K, used 1536K [0x00000000d5580000, 0x00000000d6280000, 0x0000000100000000)
  eden space 3072K, 0% used [0x00000000d5580000,0x00000000d5580000,0x00000000d5880000)
  from space 1536K, 100% used [0x00000000d5e80000,0x00000000d6000000,0x00000000d6000000)
  to   space 5120K, 0% used [0x00000000d5880000,0x00000000d5880000,0x00000000d5d80000)
 ParOldGen       total 593920K, used 593429K [0x0000000080000000, 0x00000000a4400000, 0x00000000d5580000)
  object space 593920K, 99% used [0x0000000080000000,0x00000000a43854e8,0x00000000a4400000)
 Metaspace       used 65579K, committed 67136K, reserved 1114112K
  class space    used 6875K, committed 7552K, reserved 1048576K
}
Event: 15088.715 GC heap before
{Heap before GC invocations=534 (full 3):
 PSYoungGen      total 4608K, used 4608K [0x00000000d5580000, 0x00000000d6280000, 0x0000000100000000)
  eden space 3072K, 100% used [0x00000000d5580000,0x00000000d5880000,0x00000000d5880000)
  from space 1536K, 100% used [0x00000000d5e80000,0x00000000d6000000,0x00000000d6000000)
  to   space 5120K, 0% used [0x00000000d5880000,0x00000000d5880000,0x00000000d5d80000)
 ParOldGen       total 593920K, used 593429K [0x0000000080000000, 0x00000000a4400000, 0x00000000d5580000)
  object space 593920K, 99% used [0x0000000080000000,0x00000000a43854e8,0x00000000a4400000)
 Metaspace       used 65579K, committed 67136K, reserved 1114112K
  class space    used 6875K, committed 7552K, reserved 1048576K
}
Event: 15088.734 GC heap after
{Heap after GC invocations=534 (full 3):
 PSYoungGen      total 5632K, used 2280K [0x00000000d5580000, 0x00000000d5f80000, 0x0000000100000000)
  eden space 3072K, 0% used [0x00000000d5580000,0x00000000d5580000,0x00000000d5880000)
  from space 2560K, 89% used [0x00000000d5880000,0x00000000d5aba000,0x00000000d5b00000)
  to   space 3072K, 0% used [0x00000000d5c80000,0x00000000d5c80000,0x00000000d5f80000)
 ParOldGen       total 595456K, used 595013K [0x0000000080000000, 0x00000000a4580000, 0x00000000d5580000)
  object space 595456K, 99% used [0x0000000080000000,0x00000000a45114e8,0x00000000a4580000)
 Metaspace       used 65579K, committed 67136K, reserved 1114112K
  class space    used 6875K, committed 7552K, reserved 1048576K
}
Event: 15088.813 GC heap before
{Heap before GC invocations=535 (full 3):
 PSYoungGen      total 5632K, used 5346K [0x00000000d5580000, 0x00000000d5f80000, 0x0000000100000000)
  eden space 3072K, 99% used [0x00000000d5580000,0x00000000d587e9c0,0x00000000d5880000)
  from space 2560K, 89% used [0x00000000d5880000,0x00000000d5aba000,0x00000000d5b00000)
  to   space 3072K, 0% used [0x00000000d5c80000,0x00000000d5c80000,0x00000000d5f80000)
 ParOldGen       total 595456K, used 595013K [0x0000000080000000, 0x00000000a4580000, 0x00000000d5580000)
  object space 595456K, 99% used [0x0000000080000000,0x00000000a45114e8,0x00000000a4580000)
 Metaspace       used 65617K, committed 67136K, reserved 1114112K
  class space    used 6875K, committed 7552K, reserved 1048576K
}
Event: 15088.825 GC heap after
{Heap after GC invocations=535 (full 3):
 PSYoungGen      total 7168K, used 2832K [0x00000000d5580000, 0x00000000d5f80000, 0x0000000100000000)
  eden space 4096K, 0% used [0x00000000d5580000,0x00000000d5580000,0x00000000d5980000)
  from space 3072K, 92% used [0x00000000d5c80000,0x00000000d5f44000,0x00000000d5f80000)
  to   space 3072K, 0% used [0x00000000d5980000,0x00000000d5980000,0x00000000d5c80000)
 ParOldGen       total 597504K, used 597261K [0x0000000080000000, 0x00000000a4780000, 0x00000000d5580000)
  object space 597504K, 99% used [0x0000000080000000,0x00000000a47434e8,0x00000000a4780000)
 Metaspace       used 65617K, committed 67136K, reserved 1114112K
  class space    used 6875K, committed 7552K, reserved 1048576K
}
Event: 15089.113 GC heap before
{Heap before GC invocations=536 (full 3):
 PSYoungGen      total 7168K, used 6928K [0x00000000d5580000, 0x00000000d5f80000, 0x0000000100000000)
  eden space 4096K, 100% used [0x00000000d5580000,0x00000000d5980000,0x00000000d5980000)
  from space 3072K, 92% used [0x00000000d5c80000,0x00000000d5f44000,0x00000000d5f80000)
  to   space 3072K, 0% used [0x00000000d5980000,0x00000000d5980000,0x00000000d5c80000)
 ParOldGen       total 597504K, used 597261K [0x0000000080000000, 0x00000000a4780000, 0x00000000d5580000)
  object space 597504K, 99% used [0x0000000080000000,0x00000000a47434e8,0x00000000a4780000)
 Metaspace       used 65664K, committed 67200K, reserved 1114112K
  class space    used 6875K, committed 7552K, reserved 1048576K
}
Event: 15089.140 GC heap after
{Heap after GC invocations=536 (full 3):
 PSYoungGen      total 7168K, used 3047K [0x00000000d5580000, 0x00000000d6780000, 0x0000000100000000)
  eden space 4096K, 0% used [0x00000000d5580000,0x00000000d5580000,0x00000000d5980000)
  from space 3072K, 99% used [0x00000000d5980000,0x00000000d5c79ed0,0x00000000d5c80000)
  to   space 7168K, 0% used [0x00000000d6080000,0x00000000d6080000,0x00000000d6780000)
 ParOldGen       total 601600K, used 600541K [0x0000000080000000, 0x00000000a4b80000, 0x00000000d5580000)
  object space 601600K, 99% used [0x0000000080000000,0x00000000a4a774e8,0x00000000a4b80000)
 Metaspace       used 65664K, committed 67200K, reserved 1114112K
  class space    used 6875K, committed 7552K, reserved 1048576K
}
Event: 15089.165 GC heap before
{Heap before GC invocations=537 (full 3):
 PSYoungGen      total 7168K, used 7143K [0x00000000d5580000, 0x00000000d6780000, 0x0000000100000000)
  eden space 4096K, 100% used [0x00000000d5580000,0x00000000d5980000,0x00000000d5980000)
  from space 3072K, 99% used [0x00000000d5980000,0x00000000d5c79ed0,0x00000000d5c80000)
  to   space 7168K, 0% used [0x00000000d6080000,0x00000000d6080000,0x00000000d6780000)
 ParOldGen       total 601600K, used 600541K [0x0000000080000000, 0x00000000a4b80000, 0x00000000d5580000)
  object space 601600K, 99% used [0x0000000080000000,0x00000000a4a774e8,0x00000000a4b80000)
 Metaspace       used 65664K, committed 67200K, reserved 1114112K
  class space    used 6875K, committed 7552K, reserved 1048576K
}
Event: 15089.184 GC heap after
{Heap after GC invocations=537 (full 3):
 PSYoungGen      total 9728K, used 4192K [0x00000000d5580000, 0x00000000d6500000, 0x0000000100000000)
  eden space 5120K, 0% used [0x00000000d5580000,0x00000000d5580000,0x00000000d5a80000)
  from space 4608K, 90% used [0x00000000d6080000,0x00000000d6498000,0x00000000d6500000)
  to   space 5120K, 0% used [0x00000000d5b00000,0x00000000d5b00000,0x00000000d6000000)
 ParOldGen       total 603648K, used 603636K [0x0000000080000000, 0x00000000a4d80000, 0x00000000d5580000)
  object space 603648K, 99% used [0x0000000080000000,0x00000000a4d7d3b8,0x00000000a4d80000)
 Metaspace       used 65664K, committed 67200K, reserved 1114112K
  class space    used 6875K, committed 7552K, reserved 1048576K
}
Event: 15089.417 GC heap before
{Heap before GC invocations=538 (full 3):
 PSYoungGen      total 9728K, used 9311K [0x00000000d5580000, 0x00000000d6500000, 0x0000000100000000)
  eden space 5120K, 99% used [0x00000000d5580000,0x00000000d5a7ffd0,0x00000000d5a80000)
  from space 4608K, 90% used [0x00000000d6080000,0x00000000d6498000,0x00000000d6500000)
  to   space 5120K, 0% used [0x00000000d5b00000,0x00000000d5b00000,0x00000000d6000000)
 ParOldGen       total 603648K, used 603636K [0x0000000080000000, 0x00000000a4d80000, 0x00000000d5580000)
  object space 603648K, 99% used [0x0000000080000000,0x00000000a4d7d3b8,0x00000000a4d80000)
 Metaspace       used 65671K, committed 67200K, reserved 1114112K
  class space    used 6879K, committed 7552K, reserved 1048576K
}
Event: 15089.432 GC heap after
{Heap after GC invocations=538 (full 3):
 PSYoungGen      total 8704K, used 3456K [0x00000000d5580000, 0x00000000d6280000, 0x0000000100000000)
  eden space 5120K, 0% used [0x00000000d5580000,0x00000000d5580000,0x00000000d5a80000)
  from space 3584K, 96% used [0x00000000d5b00000,0x00000000d5e60000,0x00000000d5e80000)
  to   space 4096K, 0% used [0x00000000d5e80000,0x00000000d5e80000,0x00000000d6280000)
 ParOldGen       total 608256K, used 607748K [0x0000000080000000, 0x00000000a5200000, 0x00000000d5580000)
  object space 608256K, 99% used [0x0000000080000000,0x00000000a51813b8,0x00000000a5200000)
 Metaspace       used 65671K, committed 67200K, reserved 1114112K
  class space    used 6879K, committed 7552K, reserved 1048576K
}

